mode: set
Golang/controller/users_controller.go:31.52,35.2 1 1
Golang/controller/users_controller.go:37.52,42.16 4 1
Golang/controller/users_controller.go:42.16,49.3 2 1
Golang/controller/users_controller.go:50.2,50.38 1 1
Golang/controller/users_controller.go:53.53,58.16 4 1
Golang/controller/users_controller.go:58.16,65.3 2 0
Golang/controller/users_controller.go:66.2,66.33 1 1
Golang/controller/users_controller.go:70.60,78.16 5 1
Golang/controller/users_controller.go:78.16,84.3 2 0
Golang/controller/users_controller.go:85.2,85.35 1 1
Golang/controller/users_controller.go:89.58,93.16 3 1
Golang/controller/users_controller.go:93.16,96.3 2 1
Golang/controller/users_controller.go:98.2,99.16 2 1
Golang/controller/users_controller.go:99.16,102.3 2 0
Golang/controller/users_controller.go:104.2,104.29 1 1
Golang/controller/users_controller.go:107.58,110.16 2 1
Golang/controller/users_controller.go:110.16,115.3 2 0
Golang/controller/users_controller.go:117.2,117.30 1 1
Golang/controller/users_controller.go:120.60,124.16 3 1
Golang/controller/users_controller.go:124.16,128.3 3 1
Golang/controller/users_controller.go:129.2,131.15 2 1
Golang/controller/users_controller.go:131.15,137.3 2 0
Golang/controller/users_controller.go:139.2,139.40 1 1
Golang/controller/users_controller.go:143.57,147.16 3 1
Golang/controller/users_controller.go:147.16,151.3 3 1
Golang/controller/users_controller.go:153.2,155.15 2 1
Golang/controller/users_controller.go:155.15,161.3 2 0
Golang/controller/users_controller.go:163.2,163.40 1 1
Golang/service/user_service.go:27.50,31.2 1 1
Golang/service/user_service.go:33.88,55.16 6 1
Golang/service/user_service.go:55.16,57.3 1 0
Golang/service/user_service.go:59.2,61.27 2 1
Golang/service/user_service.go:65.88,73.16 3 1
Golang/service/user_service.go:73.16,75.3 1 0
Golang/service/user_service.go:77.2,91.24 12 1
Golang/service/user_service.go:95.67,97.16 2 1
Golang/service/user_service.go:97.16,99.3 1 1
Golang/service/user_service.go:101.2,113.24 2 1
Golang/service/user_service.go:116.85,134.16 4 1
Golang/service/user_service.go:134.16,136.3 1 0
Golang/service/user_service.go:138.2,151.24 12 1
Golang/service/user_service.go:155.72,166.16 5 1
Golang/service/user_service.go:166.16,168.3 1 1
Golang/service/user_service.go:170.2,175.26 5 1
Golang/service/user_service.go:175.26,186.3 6 1
Golang/service/user_service.go:186.8,189.3 2 1
Golang/service/user_service.go:193.59,195.16 2 1
Golang/service/user_service.go:195.16,197.3 1 0
Golang/service/user_service.go:199.2,200.29 2 1
Golang/service/user_service.go:200.29,214.3 2 1
Golang/service/user_service.go:216.2,216.28 1 1
Golang/service/user_service_mock.go:17.67,21.2 2 1
Golang/service/user_service_mock.go:23.96,26.2 2 1
Golang/service/user_service_mock.go:28.75,33.2 2 1
Golang/service/user_service_mock.go:35.81,38.2 2 1
Golang/service/user_service_mock.go:40.63,43.2 2 1
Golang/middleware/middleware.go:12.60,15.80 2 1
Golang/middleware/middleware.go:15.80,17.3 1 1
Golang/middleware/middleware.go:19.2,19.16 1 1
Golang/middleware/middleware.go:19.16,21.3 1 1
Golang/middleware/middleware.go:23.2,23.67 1 1
Golang/middleware/middleware.go:23.67,25.3 1 1
Golang/middleware/middleware.go:25.8,27.3 1 0
Golang/middleware/middleware.go:30.39,31.30 1 1
Golang/middleware/middleware.go:31.30,33.23 2 1
Golang/middleware/middleware.go:33.23,37.4 3 1
Golang/middleware/middleware.go:39.3,40.84 2 1
Golang/middleware/middleware.go:40.84,42.4 1 1
Golang/middleware/middleware.go:44.3,44.33 1 1
Golang/middleware/middleware.go:44.33,48.4 3 0
Golang/middleware/middleware.go:50.3,51.26 2 1
Golang/middleware/middleware.go:51.26,55.4 3 0
Golang/middleware/middleware.go:57.3,59.11 3 1
Golang/main.go:26.13,28.40 1 0
Golang/main.go:28.40,30.6 1 0
Golang/main.go:32.5,44.34 6 0
Golang/main.go:44.34,51.36 3 0
Golang/main.go:51.36,52.36 1 0
Golang/main.go:52.36,55.10 3 0
Golang/main.go:59.3,64.36 5 0
Golang/main.go:64.36,67.4 2 0
Golang/main.go:68.3,68.11 1 0
Golang/main.go:70.2,80.16 9 0
Golang/main.go:80.16,82.3 1 0
Golang/main.go:83.2,83.24 1 0
Golang/clients/users_clients.go:26.37,32.16 3 0
Golang/clients/users_clients.go:32.16,35.3 2 0
Golang/clients/users_clients.go:35.8,37.3 1 0
Golang/clients/users_clients.go:39.2,44.3 2 0
Golang/clients/users_clients.go:48.71,52.25 2 1
Golang/clients/users_clients.go:52.25,56.3 3 0
Golang/clients/users_clients.go:57.2,58.18 2 1
Golang/clients/users_clients.go:61.63,66.25 4 1
Golang/clients/users_clients.go:66.25,70.3 3 1
Golang/clients/users_clients.go:72.2,72.20 1 1
Golang/clients/users_clients.go:75.92,81.25 4 1
Golang/clients/users_clients.go:81.25,83.3 1 1
Golang/clients/users_clients.go:85.2,85.56 1 1
Golang/clients/users_clients.go:85.56,87.3 1 0
Golang/clients/users_clients.go:89.2,89.18 1 1
Golang/clients/users_clients.go:92.77,96.25 4 1
Golang/clients/users_clients.go:96.25,100.3 3 0
Golang/clients/users_clients.go:101.2,104.18 3 1
Golang/clients/users_clients.go:107.59,111.25 3 1
Golang/clients/users_clients.go:111.25,115.3 3 0
Golang/clients/users_clients.go:117.2,117.19 1 1
